c:\users\matt\3574\project1-mritzing\debug\vc141.pdb
c:\users\matt\3574\project1-mritzing\debug\vc141.idb
c:\users\matt\3574\project1-mritzing\debug\event.obj
c:\users\matt\3574\project1-mritzing\debug\event_test.obj
c:\users\matt\3574\project1-mritzing\debug\instrument.obj
c:\users\matt\3574\project1-mritzing\debug\instrument_test.obj
c:\users\matt\3574\project1-mritzing\debug\main.obj
c:\users\matt\3574\project1-mritzing\debug\midi.obj
c:\users\matt\3574\project1-mritzing\debug\midi_test.obj
c:\users\matt\3574\project1-mritzing\debug\signal.obj
c:\users\matt\3574\project1-mritzing\debug\signal_test.obj
c:\users\matt\3574\project1-mritzing\debug\synthesizer.obj
c:\users\matt\3574\project1-mritzing\debug\synthesizer_test.obj
c:\users\matt\3574\project1-mritzing\debug\track.obj
c:\users\matt\3574\project1-mritzing\debug\track_test.obj
c:\users\matt\3574\project1-mritzing\debug\unittests.obj
c:\users\matt\3574\project1-mritzing\debug\wav.obj
c:\users\matt\3574\project1-mritzing\debug\wav_test.obj
c:\users\matt\3574\project1-mritzing\debug\project1.ilk
c:\users\matt\3574\project1-mritzing\debug\project1.exe
c:\users\matt\3574\project1-mritzing\debug\project1.pdb
c:\users\matt\3574\project1-mritzing\debug\project1.tlog\cl.command.1.tlog
c:\users\matt\3574\project1-mritzing\debug\project1.tlog\cl.read.1.tlog
c:\users\matt\3574\project1-mritzing\debug\project1.tlog\cl.write.1.tlog
c:\users\matt\3574\project1-mritzing\debug\project1.tlog\link.command.1.tlog
c:\users\matt\3574\project1-mritzing\debug\project1.tlog\link.read.1.tlog
c:\users\matt\3574\project1-mritzing\debug\project1.tlog\link.write.1.tlog
